<?xml version="1.0"?>
<testsuites>
  <testsuite name="Chrome 24.0 (Mac)" package="undefined" timestamp="2013-01-16T21:32:51" id="0" hostname="jdog.home" tests="20" errors="0" failures="0" time="0.027">
    <properties>
      <property name="browser.fullName" value="Mozilla/5.0 (Macintosh; Intel Mac OS X 10_8_2) AppleWebKit/537.17 (KHTML, like Gecko) Chrome/24.0.1312.52 Safari/537.17"/>
    </properties>
    <testcase name="returns an Object" time="0.017" classname="Chrome 24.0 (Mac).scopedEvent"/>
    <testcase name="has 3 methods: bind, unbind &amp; trigger" time="0" classname="Chrome 24.0 (Mac).scopedEvent"/>
    <testcase name="discourages having multiple similar event names with any relationships between them not being discernable to the app" time="0" classname="Chrome 24.0 (Mac).scopedEvent bind"/>
    <testcase name="encourages structuring and conceptually grouping events" time="0.001" classname="Chrome 24.0 (Mac).scopedEvent bind"/>
    <testcase name="allows you to bind listeners to respond to all events of a broader type" time="0.001" classname="Chrome 24.0 (Mac).scopedEvent bind"/>
    <testcase name="calls all listeners bound to the same event type &amp; scope" time="0.001" classname="Chrome 24.0 (Mac).scopedEvent trigger"/>
    <testcase name="calls all listeners when an event is triggered at an enclosing scope" time="0.001" classname="Chrome 24.0 (Mac).scopedEvent trigger"/>
    <testcase name="ignores attempts to deeply trigger every listener bound below a higher level type (it doesn&apos;t make sense)" time="0.001" classname="Chrome 24.0 (Mac).scopedEvent trigger"/>
    <testcase name="returns an Object" time="0" classname="Chrome 24.0 (Mac).scopedModel"/>
    <testcase name="has 4 methods: add, remove, get &amp; contains" time="0.001" classname="Chrome 24.0 (Mac).scopedModel"/>
    <testcase name="returns null if no listeners are bound to the supplied scope" time="0" classname="Chrome 24.0 (Mac).scopedModel get"/>
    <testcase name="returns an Array of all listeners bound to a single scope, when passing a single scope" time="0" classname="Chrome 24.0 (Mac).scopedModel get"/>
    <testcase name="does not return listeners bound to broader scopes, when passing a single scope" time="0.001" classname="Chrome 24.0 (Mac).scopedModel get"/>
    <testcase name="does not return listeners bound to narrower scopes, when passing a single scope" time="0" classname="Chrome 24.0 (Mac).scopedModel get"/>
    <testcase name="returns an Array including listeners bound with wildcard capturing scopes that enclose the passed scope" time="0.001" classname="Chrome 24.0 (Mac).scopedModel get"/>
    <testcase name="returns an Array not including listeners bound with wildcard capturing scopes beneath the passed scope" time="0" classname="Chrome 24.0 (Mac).scopedModel get"/>
    <testcase name="ignores requests to remove listeners bound to a scope when there are none" time="0" classname="Chrome 24.0 (Mac).scopedModel remove"/>
    <testcase name="removes listeners bound at a specific scope" time="0.001" classname="Chrome 24.0 (Mac).scopedModel remove"/>
    <testcase name="returns false if the provided function is not bound at the supplied scope" time="0" classname="Chrome 24.0 (Mac).scopedModel contains"/>
    <testcase name="returns true if the provided function is bound at the supplied scope" time="0.001" classname="Chrome 24.0 (Mac).scopedModel contains"/>
    <system-out/>
    <system-err/>
  </testsuite>
</testsuites>
